<?xml version="1.0" encoding="utf-8"?><testsuites name="pytest tests"><testsuite name="pytest" errors="0" failures="0" skipped="0" tests="33" time="6.952" timestamp="2026-04-18T15:43:02.153274+00:00" hostname="agent-env-12ca3a71-16d4-4f74-86af-244903608d33"><testcase classname="backend.tests.backend_test.TestRoot" name="test_root" time="0.192" /><testcase classname="backend.tests.backend_test.TestAuth" name="test_register" time="0.296" /><testcase classname="backend.tests.backend_test.TestAuth" name="test_register_duplicate_email" time="0.048" /><testcase classname="backend.tests.backend_test.TestAuth" name="test_login_admin" time="0.270" /><testcase classname="backend.tests.backend_test.TestAuth" name="test_login_invalid" time="0.267" /><testcase classname="backend.tests.backend_test.TestAuth" name="test_login_nonexistent" time="0.047" /><testcase classname="backend.tests.backend_test.TestAuth" name="test_users_me" time="0.050" /><testcase classname="backend.tests.backend_test.TestAuth" name="test_users_me_without_token" time="0.042" /><testcase classname="backend.tests.backend_test.TestAuth" name="test_send_otp_not_configured" time="0.190" /><testcase classname="backend.tests.backend_test.TestProperties" name="test_list_properties" time="0.044" /><testcase classname="backend.tests.backend_test.TestProperties" name="test_filter_by_type_villa" time="0.052" /><testcase classname="backend.tests.backend_test.TestProperties" name="test_filter_by_location_mumbai" time="0.051" /><testcase classname="backend.tests.backend_test.TestProperties" name="test_filter_by_price_range" time="0.048" /><testcase classname="backend.tests.backend_test.TestProperties" name="test_get_single_property" time="0.096" /><testcase classname="backend.tests.backend_test.TestProperties" name="test_get_property_not_found" time="0.048" /><testcase classname="backend.tests.backend_test.TestProperties" name="test_create_property_admin" time="0.354" /><testcase classname="backend.tests.backend_test.TestProperties" name="test_create_property_non_admin_forbidden" time="0.048" /><testcase classname="backend.tests.backend_test.TestFavorites" name="test_toggle_favorite" time="0.178" /><testcase classname="backend.tests.backend_test.TestBookings" name="test_create_booking" time="0.056" /><testcase classname="backend.tests.backend_test.TestBookings" name="test_user_sees_only_own_bookings" time="0.045" /><testcase classname="backend.tests.backend_test.TestBookings" name="test_admin_sees_all_bookings" time="0.047" /><testcase classname="backend.tests.backend_test.TestBookings" name="test_admin_update_booking_status" time="0.048" /><testcase classname="backend.tests.backend_test.TestBookings" name="test_non_admin_update_booking_forbidden" time="0.044" /><testcase classname="backend.tests.backend_test.TestInquiries" name="test_create_inquiry_public" time="0.057" /><testcase classname="backend.tests.backend_test.TestInquiries" name="test_get_inquiries_admin" time="0.044" /><testcase classname="backend.tests.backend_test.TestInquiries" name="test_get_inquiries_non_admin_forbidden" time="0.046" /><testcase classname="backend.tests.backend_test.TestChat" name="test_chat_message" time="3.855" /><testcase classname="backend.tests.backend_test.TestAnalytics" name="test_stats_admin" time="0.054" /><testcase classname="backend.tests.backend_test.TestAnalytics" name="test_stats_non_admin_forbidden" time="0.054" /><testcase classname="backend.tests.backend_test.TestAnalytics" name="test_traffic_admin" time="0.047" /><testcase classname="backend.tests.backend_test.TestAnalytics" name="test_traffic_non_admin_forbidden" time="0.044" /><testcase classname="backend.tests.backend_test.TestUsersList" name="test_list_users_admin" time="0.044" /><testcase classname="backend.tests.backend_test.TestUsersList" name="test_list_users_non_admin_forbidden" time="0.042" /></testsuite></testsuites>