<?xml version="1.0" encoding="utf-8"?><testsuites name="pytest tests"><testsuite name="pytest" errors="0" failures="0" skipped="0" tests="42" time="8.365" timestamp="2026-04-18T15:56:46.674783+00:00" hostname="agent-env-12ca3a71-16d4-4f74-86af-244903608d33"><testcase classname="backend.tests.backend_test.TestRoot" name="test_root" time="0.125" /><testcase classname="backend.tests.backend_test.TestAuth" name="test_register" time="0.269" /><testcase classname="backend.tests.backend_test.TestAuth" name="test_register_duplicate_email" time="0.049" /><testcase classname="backend.tests.backend_test.TestAuth" name="test_login_admin" time="0.269" /><testcase classname="backend.tests.backend_test.TestAuth" name="test_login_invalid" time="0.265" /><testcase classname="backend.tests.backend_test.TestAuth" name="test_login_nonexistent" time="0.048" /><testcase classname="backend.tests.backend_test.TestAuth" name="test_users_me" time="0.045" /><testcase classname="backend.tests.backend_test.TestAuth" name="test_users_me_without_token" time="0.045" /><testcase classname="backend.tests.backend_test.TestAuth" name="test_send_otp_not_configured" time="0.193" /><testcase classname="backend.tests.backend_test.TestProperties" name="test_list_properties" time="0.051" /><testcase classname="backend.tests.backend_test.TestProperties" name="test_filter_by_type_villa" time="0.051" /><testcase classname="backend.tests.backend_test.TestProperties" name="test_filter_by_location_mumbai" time="0.051" /><testcase classname="backend.tests.backend_test.TestProperties" name="test_filter_by_price_range" time="0.051" /><testcase classname="backend.tests.backend_test.TestProperties" name="test_get_single_property" time="0.093" /><testcase classname="backend.tests.backend_test.TestProperties" name="test_get_property_not_found" time="0.042" /><testcase classname="backend.tests.backend_test.TestProperties" name="test_create_property_admin" time="0.358" /><testcase classname="backend.tests.backend_test.TestProperties" name="test_create_property_non_admin_forbidden" time="0.040" /><testcase classname="backend.tests.backend_test.TestFavorites" name="test_toggle_favorite" time="0.184" /><testcase classname="backend.tests.backend_test.TestBookings" name="test_create_booking" time="0.045" /><testcase classname="backend.tests.backend_test.TestBookings" name="test_user_sees_only_own_bookings" time="0.045" /><testcase classname="backend.tests.backend_test.TestBookings" name="test_admin_sees_all_bookings" time="0.053" /><testcase classname="backend.tests.backend_test.TestBookings" name="test_admin_update_booking_status" time="0.045" /><testcase classname="backend.tests.backend_test.TestBookings" name="test_non_admin_update_booking_forbidden" time="0.043" /><testcase classname="backend.tests.backend_test.TestInquiries" name="test_create_inquiry_public" time="0.043" /><testcase classname="backend.tests.backend_test.TestInquiries" name="test_get_inquiries_admin" time="0.044" /><testcase classname="backend.tests.backend_test.TestInquiries" name="test_get_inquiries_non_admin_forbidden" time="0.044" /><testcase classname="backend.tests.backend_test.TestChat" name="test_chat_message" time="3.334" /><testcase classname="backend.tests.backend_test.TestAnalytics" name="test_stats_admin" time="0.056" /><testcase classname="backend.tests.backend_test.TestAnalytics" name="test_stats_non_admin_forbidden" time="0.043" /><testcase classname="backend.tests.backend_test.TestAnalytics" name="test_traffic_admin" time="0.045" /><testcase classname="backend.tests.backend_test.TestAnalytics" name="test_traffic_non_admin_forbidden" time="0.041" /><testcase classname="backend.tests.backend_test.TestUsersList" name="test_list_users_admin" time="0.042" /><testcase classname="backend.tests.backend_test.TestUsersList" name="test_list_users_non_admin_forbidden" time="0.044" /><testcase classname="backend.tests.test_upload.TestUploadImage" name="test_upload_as_admin_returns_id_url_size" time="0.577" /><testcase classname="backend.tests.test_upload.TestUploadImage" name="test_upload_non_admin_forbidden" time="0.309" /><testcase classname="backend.tests.test_upload.TestUploadImage" name="test_upload_without_token_unauthorized" time="0.047" /><testcase classname="backend.tests.test_upload.TestUploadImage" name="test_upload_invalid_file_type_txt" time="0.043" /><testcase classname="backend.tests.test_upload.TestUploadImage" name="test_upload_invalid_extension_bmp" time="0.050" /><testcase classname="backend.tests.test_upload.TestUploadImage" name="test_upload_too_large_rejected" time="0.418" /><testcase classname="backend.tests.test_upload.TestFileDownload" name="test_download_uploaded_file_public" time="0.169" /><testcase classname="backend.tests.test_upload.TestFileDownload" name="test_download_nonexistent_returns_404" time="0.047" /><testcase classname="backend.tests.test_upload.TestPropertyWithUploadedImages" name="test_create_property_with_uploaded_image" time="0.423" /></testsuite></testsuites>