<?xml version="1.0" encoding="utf-8"?><testsuites name="pytest tests"><testsuite name="pytest" errors="0" failures="0" skipped="0" tests="30" time="4.168" timestamp="2026-04-18T16:38:53.690050+00:00" hostname="agent-env-12ca3a71-16d4-4f74-86af-244903608d33"><testcase classname="backend.tests.test_roles.TestAuthRoles" name="test_super_admin_login_returns_super_admin_role" time="0.458" /><testcase classname="backend.tests.test_roles.TestAuthRoles" name="test_admin_login_returns_admin_role" time="0.273" /><testcase classname="backend.tests.test_roles.TestAuthRoles" name="test_token_contains_super_admin_role" time="0.013" /><testcase classname="backend.tests.test_roles.TestCreateAdmin" name="test_super_admin_creates_admin_200" time="0.544" /><testcase classname="backend.tests.test_roles.TestCreateAdmin" name="test_admin_cannot_create_admin_403" time="0.047" /><testcase classname="backend.tests.test_roles.TestCreateAdmin" name="test_user_cannot_create_admin_403" time="0.319" /><testcase classname="backend.tests.test_roles.TestCreateAdmin" name="test_duplicate_email_returns_400" time="0.045" /><testcase classname="backend.tests.test_roles.TestUpdateRole" name="test_super_admin_promotes_user_to_admin" time="0.095" /><testcase classname="backend.tests.test_roles.TestUpdateRole" name="test_super_admin_demotes_admin_to_user" time="0.100" /><testcase classname="backend.tests.test_roles.TestUpdateRole" name="test_super_admin_cannot_change_own_role_400" time="0.047" /><testcase classname="backend.tests.test_roles.TestUpdateRole" name="test_admin_cannot_update_role_403" time="0.043" /><testcase classname="backend.tests.test_roles.TestUpdateRole" name="test_invalid_role_value_400" time="0.046" /><testcase classname="backend.tests.test_roles.TestDeleteUser" name="test_super_admin_deletes_user_200" time="0.365" /><testcase classname="backend.tests.test_roles.TestDeleteUser" name="test_super_admin_cannot_delete_self_400" time="0.048" /><testcase classname="backend.tests.test_roles.TestDeleteUser" name="test_super_admin_cannot_delete_another_super_admin_400" time="0.456" /><testcase classname="backend.tests.test_roles.TestDeleteUser" name="test_admin_cannot_delete_user_403" time="0.046" /><testcase classname="backend.tests.test_roles.TestDeleteUser" name="test_nonexistent_user_404" time="0.045" /><testcase classname="backend.tests.test_roles.TestUpdateProperty" name="test_admin_updates_property" time="0.138" /><testcase classname="backend.tests.test_roles.TestUpdateProperty" name="test_super_admin_updates_property" time="0.073" /><testcase classname="backend.tests.test_roles.TestUpdateProperty" name="test_regular_user_forbidden_403" time="0.049" /><testcase classname="backend.tests.test_roles.TestUpdateProperty" name="test_nonexistent_id_404" time="0.045" /><testcase classname="backend.tests.test_roles.TestDeleteProperty" name="test_admin_deletes_and_get_returns_404" time="0.134" /><testcase classname="backend.tests.test_roles.TestDeleteProperty" name="test_delete_removes_from_favorites" time="0.180" /><testcase classname="backend.tests.test_roles.TestDeleteProperty" name="test_user_cannot_delete_403" time="0.141" /><testcase classname="backend.tests.test_roles.TestSuperAdminAccess" name="test_super_admin_get_bookings" time="0.046" /><testcase classname="backend.tests.test_roles.TestSuperAdminAccess" name="test_super_admin_get_inquiries" time="0.044" /><testcase classname="backend.tests.test_roles.TestSuperAdminAccess" name="test_super_admin_analytics_stats" time="0.050" /><testcase classname="backend.tests.test_roles.TestSuperAdminAccess" name="test_super_admin_analytics_traffic" time="0.045" /><testcase classname="backend.tests.test_roles.TestSuperAdminAccess" name="test_super_admin_list_users" time="0.043" /><testcase classname="backend.tests.test_roles.TestSuperAdminAccess" name="test_super_admin_create_property" time="0.088" /></testsuite></testsuites>