<?xml version="1.0" encoding="utf-8"?><testsuites name="pytest tests"><testsuite name="pytest" errors="0" failures="0" skipped="0" tests="9" time="2.318" timestamp="2026-04-18T15:56:41.420949+00:00" hostname="agent-env-12ca3a71-16d4-4f74-86af-244903608d33"><testcase classname="backend.tests.test_upload.TestUploadImage" name="test_upload_as_admin_returns_id_url_size" time="0.686" /><testcase classname="backend.tests.test_upload.TestUploadImage" name="test_upload_non_admin_forbidden" time="0.342" /><testcase classname="backend.tests.test_upload.TestUploadImage" name="test_upload_without_token_unauthorized" time="0.049" /><testcase classname="backend.tests.test_upload.TestUploadImage" name="test_upload_invalid_file_type_txt" time="0.047" /><testcase classname="backend.tests.test_upload.TestUploadImage" name="test_upload_invalid_extension_bmp" time="0.045" /><testcase classname="backend.tests.test_upload.TestUploadImage" name="test_upload_too_large_rejected" time="0.443" /><testcase classname="backend.tests.test_upload.TestFileDownload" name="test_download_uploaded_file_public" time="0.165" /><testcase classname="backend.tests.test_upload.TestFileDownload" name="test_download_nonexistent_returns_404" time="0.048" /><testcase classname="backend.tests.test_upload.TestPropertyWithUploadedImages" name="test_create_property_with_uploaded_image" time="0.415" /></testsuite></testsuites>